2024-07-04 20:44:07 DEBUG /home/breeze1/mvc-webserver/src/socketHandler/socket.cpp:86 socket accept success, connfd = 7
2024-07-04 20:44:07 DEBUG /home/breeze1/mvc-webserver/src/socketHandler/socket.cpp:86 socket accept success, connfd = 8
2024-07-04 20:44:07 DEBUG /home/breeze1/mvc-webserver/src/thread/task_dispatcher.cpp:14 task dispatcher assign task: f5ceb5a0
2024-07-04 20:44:07 DEBUG /home/breeze1/mvc-webserver/src/thread/worker_thread.cpp:25 worker thread run: thread=f5ceb710, task=f5ceb5a0
2024-07-04 20:44:07 DEBUG /home/breeze1/mvc-webserver/src/Task/http_task.cpp:23 http task run
2024-07-04 20:44:07 DEBUG /home/breeze1/mvc-webserver/src/Task/http_task.cpp:55 recv: conn = 7, msg = 
GET /home.html HTTP/1.1
Host: 192.168.29.130:8080
Connection: keep-alive
Cache-Control: max-age=0
Upgrade-Insecure-Requests: 1
User-Agent: Mozilla/5.0 (Windows NT 10.0; Win64; x64) AppleWebKit/537.36 (KHTML, like Gecko) Chrome/126.0.0.0 Safari/537.36 Edg/126.0.0.0
Accept: text/html,application/xhtml+xml,application/xml;q=0.9,image/avif,image/webp,image/apng,*/*;q=0.8,application/signed-exchange;v=b3;q=0.7
Accept-Encoding: gzip, deflate
Accept-Language: zh-CN,zh;q=0.9,en;q=0.8,en-GB;q=0.7,en-US;q=0.6,zh-TW;q=0.5


2024-07-04 20:44:07 DEBUG /home/breeze1/mvc-webserver/src/Task/http_task.cpp:63 send : HTTP/1.1 200 OK
Content-Type: text/html; charset: utf-8
Content-Length: 1035

<!DOCTYPE html>
<html lang="en">
<head>
    <meta charset="UTF-8">
    <meta name="viewport" content="width=device-width, initial-scale=1.0">
    <title>Simple JavaScript Example</title>
    <style>
        body {
            font-family: Arial, sans-serif;
            text-align: center;
            padding: 50px;
        }
        #myButton {
            padding: 10px 20px;
            font-size: 16px;
            cursor: pointer;
            border: none;
            border-radius: 5px;
            background-color: #4CAF50;
            color: white;
        }
        #myButton:hover {
            background-color: #45a049;
        }
        #message {
            margin-top: 20px;
            font-size: 20px;
            color: #333;
        }
    </style>
</head>
<body>

<h1>Simple JavaScript Example</h1>
<p>Enter your name and click the button:</p>
<input type="text" id="myInput" placeholder="Your name">
<button id="myButton">Click Me</button>
<p id="message"></p>

<script src="/test.js"></script>
</body>
</html>


2024-07-04 20:44:07 DEBUG /home/breeze1/mvc-webserver/src/Task/http_task.cpp:68 http task destroy
2024-07-04 20:44:07 DEBUG /home/breeze1/mvc-webserver/src/thread/task_dispatcher.cpp:14 task dispatcher assign task: f5ceb790
2024-07-04 20:44:07 DEBUG /home/breeze1/mvc-webserver/src/thread/worker_thread.cpp:25 worker thread run: thread=f5ceb900, task=f5ceb790
2024-07-04 20:44:07 DEBUG /home/breeze1/mvc-webserver/src/Task/http_task.cpp:23 http task run
2024-07-04 20:44:07 DEBUG /home/breeze1/mvc-webserver/src/Task/http_task.cpp:51 socket closed by peer : conn = 7
2024-07-04 20:44:07 DEBUG /home/breeze1/mvc-webserver/src/Task/http_task.cpp:55 recv: conn = 7, msg = 

2024-07-04 20:44:07 DEBUG /home/breeze1/mvc-webserver/src/Task/http_task.cpp:63 send : HTTP/1.1 404 Not Found
Content-Type: text/html; charset: utf-8
Content-Length: 0



2024-07-04 20:44:07 DEBUG /home/breeze1/mvc-webserver/src/Task/http_task.cpp:68 http task destroy
2024-07-04 20:44:07 DEBUG /home/breeze1/mvc-webserver/src/thread/task_dispatcher.cpp:14 task dispatcher assign task: f5ceb980
2024-07-04 20:44:07 DEBUG /home/breeze1/mvc-webserver/src/thread/worker_thread.cpp:25 worker thread run: thread=f5cebaf0, task=f5ceb980
2024-07-04 20:44:07 DEBUG /home/breeze1/mvc-webserver/src/Task/http_task.cpp:23 http task run
2024-07-04 20:44:07 DEBUG /home/breeze1/mvc-webserver/src/Task/http_task.cpp:55 recv: conn = 8, msg = 
GET /test.js HTTP/1.1
Host: 192.168.29.130:8080
Connection: keep-alive
User-Agent: Mozilla/5.0 (Windows NT 10.0; Win64; x64) AppleWebKit/537.36 (KHTML, like Gecko) Chrome/126.0.0.0 Safari/537.36 Edg/126.0.0.0
Accept: */*
Referer: http://192.168.29.130:8080/home.html
Accept-Encoding: gzip, deflate
Accept-Language: zh-CN,zh;q=0.9,en;q=0.8,en-GB;q=0.7,en-US;q=0.6,zh-TW;q=0.5


2024-07-04 20:44:07 DEBUG /home/breeze1/mvc-webserver/src/Task/http_task.cpp:63 send : HTTP/1.1 200 OK
Content-Type: text/javascript; charset: utf-8
Content-Length: 906

// 简单的JavaScript文件示例

// 打印欢迎消息到控制台
console.log("Welcome to my simple JavaScript file!");

// 定义一个简单的函数，用于计算两个数的和
function addNumbers(a, b) {
    return a + b;
}

// 调用函数并打印结果
let result = addNumbers(5, 3);
console.log("The result of adding 5 and 3 is: " + result);

// 等待页面加载完成后执行代码
document.addEventListener("DOMContentLoaded", (event) => {
    // 获取页面中的按钮元素
    let button = document.getElementById("myButton");

    // 为按钮添加点击事件处理器
    button.addEventListener("click", () => {
        // 获取输入框的值
        let inputValue = document.getElementById("myInput").value;

        // 在页面上显示消息
        let message = "Hello, " + inputValue + "!";
        document.getElementById("message").innerText = message;
    });
});


2024-07-04 20:44:07 DEBUG /home/breeze1/mvc-webserver/src/Task/http_task.cpp:68 http task destroy
2024-07-04 20:44:07 DEBUG /home/breeze1/mvc-webserver/src/thread/task_dispatcher.cpp:14 task dispatcher assign task: f5cebb70
2024-07-04 20:44:07 DEBUG /home/breeze1/mvc-webserver/src/thread/worker_thread.cpp:25 worker thread run: thread=f5cebce0, task=f5cebb70
2024-07-04 20:44:07 DEBUG /home/breeze1/mvc-webserver/src/Task/http_task.cpp:23 http task run
2024-07-04 20:44:07 DEBUG /home/breeze1/mvc-webserver/src/Task/http_task.cpp:51 socket closed by peer : conn = 8
2024-07-04 20:44:07 DEBUG /home/breeze1/mvc-webserver/src/Task/http_task.cpp:55 recv: conn = 8, msg = 

2024-07-04 20:44:07 DEBUG /home/breeze1/mvc-webserver/src/Task/http_task.cpp:63 send : HTTP/1.1 404 Not Found
Content-Type: text/html; charset: utf-8
Content-Length: 0



2024-07-04 20:44:07 DEBUG /home/breeze1/mvc-webserver/src/Task/http_task.cpp:68 http task destroy
