2024-06-29 18:50:03 INFO /home/breeze/exercise/web/src/engine/workflow.cpp:40 load workflow success: /home/breeze/exercise/web/config/workflow.xml
2024-06-29 18:51:14 INFO /home/breeze/exercise/web/src/engine/workflow.cpp:40 load workflow success: /home/breeze/exercise/web/config/workflow.xml
2024-06-29 22:29:30 INFO /home/breeze/exercise/web/src/engine/workflow.cpp:40 load workflow success: /home/breeze/exercise/web//config/workflow.xml
2024-06-29 22:29:30 DEBUG /home/breeze/exercise/web/src/thread/thread_pool.cpp:15 thread pool create worker threads: 64
2024-06-29 22:29:30 DEBUG /home/breeze/exercise/web/src/socketHandler/socket.cpp:12 create socket success!
2024-06-29 22:29:30 DEBUG /home/breeze/exercise/web/src/socketHandler/socket.cpp:45 socket bind success: ip = 127.0.0.1, port = 8080
2024-06-29 22:29:30 DEBUG /home/breeze/exercise/web/src/socketHandler/socket.cpp:56 socket listening ...
2024-06-29 22:29:33 DEBUG /home/breeze/exercise/web/src/socketHandler/socket.cpp:86 socket accept success, connfd = 7
2024-06-29 22:29:33 DEBUG /home/breeze/exercise/web/src/thread/task_dispatcher.cpp:14 task dispatcher assign task: d4753b50
2024-06-29 22:29:33 DEBUG /home/breeze/exercise/web/src/thread/worker_thread.cpp:25 worker thread run: thread=d474be60, task=d4753b50
2024-06-29 22:29:33 DEBUG /home/breeze/exercise/web/src/Task/work_task.cpp:18 work task run
2024-06-29 22:29:33 DEBUG /home/breeze/exercise/web/src/Task/work_task.cpp:52 recv: conn = 7, msg = hello Server
2024-06-29 22:29:33 DEBUG /home/breeze/exercise/web/src/Task/work_task.cpp:68 work task destroy
2024-06-29 22:29:33 DEBUG /home/breeze/exercise/web/src/thread/task_dispatcher.cpp:14 task dispatcher assign task: d4745ad0
2024-06-29 22:29:33 DEBUG /home/breeze/exercise/web/src/thread/worker_thread.cpp:25 worker thread run: thread=d474c010, task=d4745ad0
2024-06-29 22:29:33 DEBUG /home/breeze/exercise/web/src/Task/work_task.cpp:18 work task run
2024-06-29 22:29:33 DEBUG /home/breeze/exercise/web/src/Task/work_task.cpp:46 socket closed by peer : conn = 7
2024-06-29 22:29:33 DEBUG /home/breeze/exercise/web/src/Task/work_task.cpp:68 work task destroy
2024-06-29 23:08:16 INFO /home/breeze/exercise/web/src/engine/workflow.cpp:40 load workflow success: /home/breeze/exercise/web//config/workflow.xml
2024-06-29 23:08:16 DEBUG /home/breeze/exercise/web/src/thread/thread_pool.cpp:15 thread pool create worker threads: 64
2024-06-29 23:08:16 DEBUG /home/breeze/exercise/web/src/socketHandler/socket.cpp:12 create socket success!
2024-06-29 23:08:16 DEBUG /home/breeze/exercise/web/src/socketHandler/socket.cpp:45 socket bind success: ip = 127.0.0.1, port = 8080
2024-06-29 23:08:16 DEBUG /home/breeze/exercise/web/src/socketHandler/socket.cpp:56 socket listening ...
2024-06-29 23:08:22 DEBUG /home/breeze/exercise/web/src/socketHandler/socket.cpp:86 socket accept success, connfd = 7
2024-06-29 23:08:22 DEBUG /home/breeze/exercise/web/src/thread/task_dispatcher.cpp:14 task dispatcher assign task: 60b10b50
2024-06-29 23:08:22 DEBUG /home/breeze/exercise/web/src/thread/worker_thread.cpp:25 worker thread run: thread=60b08e60, task=60b10b50
2024-06-29 23:08:22 DEBUG /home/breeze/exercise/web/src/Task/work_task.cpp:18 work task run
2024-06-29 23:08:22 DEBUG /home/breeze/exercise/web/src/Task/work_task.cpp:61 msg head: cmd = 26625, len = 27749
2024-06-29 23:08:22 ERROR /home/breeze/exercise/web/src/Task/work_task.cpp:65 msg body_len too large: len = 27749
2024-06-29 23:08:22 DEBUG /home/breeze/exercise/web/src/Task/work_task.cpp:97 work task destroy
2024-06-29 23:09:10 INFO /home/breeze/exercise/web/src/engine/workflow.cpp:40 load workflow success: /home/breeze/exercise/web//config/workflow.xml
2024-06-29 23:09:10 DEBUG /home/breeze/exercise/web/src/thread/thread_pool.cpp:15 thread pool create worker threads: 64
2024-06-29 23:09:10 DEBUG /home/breeze/exercise/web/src/socketHandler/socket.cpp:12 create socket success!
2024-06-29 23:09:10 DEBUG /home/breeze/exercise/web/src/socketHandler/socket.cpp:45 socket bind success: ip = 127.0.0.1, port = 8080
2024-06-29 23:09:10 DEBUG /home/breeze/exercise/web/src/socketHandler/socket.cpp:56 socket listening ...
